# JRE version: OpenJDK Runtime Environment (21.0.7) (build 21.0.7+-13880790-b1038.58)
# Java VM: OpenJDK 64-Bit Server VM (21.0.7+-13880790-b1038.58, mixed mode, tiered, compressed oops, compressed class ptrs, g1 gc, windows-amd64)
GC Precious Log:
 CardTable entry size: 512
 Card Set container configuration: InlinePtr #cards 4 size 8 Array Of Cards #cards 32 size 80 Howl #buckets 8 coarsen threshold 7372 Howl Bitmap #cards 1024 size 144 coarsen threshold 921 Card regions per heap region 1 cards per card region 8192
 CPUs: 20 total, 20 available
 Memory: 32693M
 Large Page Support: Disabled
 NUMA Support: Disabled
 Compressed Oops: Enabled (Zero based)
 Heap Region Size: 4M
 Heap Min Capacity: 8M
 Heap Initial Capacity: 512M
 Heap Max Capacity: 8176M
 Pre-touch: Disabled
 Parallel Workers: 15
 Concurrent Workers: 4
 Concurrent Refinement Workers: 15
 Periodic GC: Disabled
Heap:
 garbage-first heap   total 1318912K, used 1109192K [0x0000000601000000, 0x0000000800000000)
  region size 4096K, 89 young (364544K), 11 survivors (45056K)
 Metaspace       used 72507K, committed 73280K, reserved 1179648K
  class space    used 7688K, committed 8064K, reserved 1048576K
GC Heap History (20 events):
Event: 45.696 GC heap after
{Heap after GC invocations=72 (full 0):
 garbage-first heap   total 901120K, used 582556K [0x0000000601000000, 0x0000000800000000)
  region size 4096K, 9 young (36864K), 9 survivors (36864K)
 Metaspace       used 72175K, committed 72960K, reserved 1114112K
  class space    used 7677K, committed 8064K, reserved 1048576K
}
Event: 46.750 GC heap before
{Heap before GC invocations=73 (full 0):
 garbage-first heap   total 983040K, used 807836K [0x0000000601000000, 0x0000000800000000)
  region size 4096K, 64 young (262144K), 9 survivors (36864K)
 Metaspace       used 72183K, committed 72960K, reserved 1114112K
  class space    used 7677K, committed 8064K, reserved 1048576K
}
Event: 46.762 GC heap after
{Heap after GC invocations=74 (full 0):
 garbage-first heap   total 983040K, used 596636K [0x0000000601000000, 0x0000000800000000)
  region size 4096K, 8 young (32768K), 8 survivors (32768K)
 Metaspace       used 72183K, committed 72960K, reserved 1114112K
  class space    used 7677K, committed 8064K, reserved 1048576K
}
Event: 49.216 GC heap before
{Heap before GC invocations=74 (full 0):
 garbage-first heap   total 983040K, used 895644K [0x0000000601000000, 0x0000000800000000)
  region size 4096K, 81 young (331776K), 8 survivors (32768K)
 Metaspace       used 72223K, committed 72960K, reserved 1114112K
  class space    used 7677K, committed 8064K, reserved 1048576K
}
Event: 49.233 GC heap after
{Heap after GC invocations=75 (full 0):
 garbage-first heap   total 983040K, used 612113K [0x0000000601000000, 0x0000000800000000)
  region size 4096K, 9 young (36864K), 9 survivors (36864K)
 Metaspace       used 72223K, committed 72960K, reserved 1114112K
  class space    used 7677K, committed 8064K, reserved 1048576K
}
Event: 50.996 GC heap before
{Heap before GC invocations=75 (full 0):
 garbage-first heap   total 983040K, used 890641K [0x0000000601000000, 0x0000000800000000)
  region size 4096K, 77 young (315392K), 9 survivors (36864K)
 Metaspace       used 72238K, committed 72960K, reserved 1114112K
  class space    used 7677K, committed 8064K, reserved 1048576K
}
Event: 51.010 GC heap after
{Heap after GC invocations=76 (full 0):
 garbage-first heap   total 983040K, used 631017K [0x0000000601000000, 0x0000000800000000)
  region size 4096K, 10 young (40960K), 10 survivors (40960K)
 Metaspace       used 72238K, committed 72960K, reserved 1114112K
  class space    used 7677K, committed 8064K, reserved 1048576K
}
Event: 52.978 GC heap before
{Heap before GC invocations=77 (full 0):
 garbage-first heap   total 1060864K, used 950505K [0x0000000601000000, 0x0000000800000000)
  region size 4096K, 71 young (290816K), 10 survivors (40960K)
 Metaspace       used 72340K, committed 73088K, reserved 1114112K
  class space    used 7686K, committed 8064K, reserved 1048576K
}
Event: 52.998 GC heap after
{Heap after GC invocations=78 (full 0):
 garbage-first heap   total 1060864K, used 718688K [0x0000000601000000, 0x0000000800000000)
  region size 4096K, 9 young (36864K), 9 survivors (36864K)
 Metaspace       used 72340K, committed 73088K, reserved 1114112K
  class space    used 7686K, committed 8064K, reserved 1048576K
}
Event: 54.472 GC heap before
{Heap before GC invocations=78 (full 0):
 garbage-first heap   total 1060864K, used 964448K [0x0000000601000000, 0x0000000800000000)
  region size 4096K, 69 young (282624K), 9 survivors (36864K)
 Metaspace       used 72378K, committed 73152K, reserved 1114112K
  class space    used 7686K, committed 8064K, reserved 1048576K
}
Event: 54.493 GC heap after
{Heap after GC invocations=79 (full 0):
 garbage-first heap   total 1060864K, used 732892K [0x0000000601000000, 0x0000000800000000)
  region size 4096K, 9 young (36864K), 9 survivors (36864K)
 Metaspace       used 72378K, committed 73152K, reserved 1114112K
  class space    used 7686K, committed 8064K, reserved 1048576K
}
Event: 55.478 GC heap before
{Heap before GC invocations=79 (full 0):
 garbage-first heap   total 1060864K, used 962268K [0x0000000601000000, 0x0000000800000000)
  region size 4096K, 65 young (266240K), 9 survivors (36864K)
 Metaspace       used 72406K, committed 73152K, reserved 1114112K
  class space    used 7686K, committed 8064K, reserved 1048576K
}
Event: 55.493 GC heap after
{Heap after GC invocations=80 (full 0):
 garbage-first heap   total 1060864K, used 747133K [0x0000000601000000, 0x0000000800000000)
  region size 4096K, 8 young (32768K), 8 survivors (32768K)
 Metaspace       used 72406K, committed 73152K, reserved 1114112K
  class space    used 7686K, committed 8064K, reserved 1048576K
}
Event: 56.538 GC heap before
{Heap before GC invocations=81 (full 0):
 garbage-first heap   total 1228800K, used 951933K [0x0000000601000000, 0x0000000800000000)
  region size 4096K, 61 young (249856K), 8 survivors (32768K)
 Metaspace       used 72406K, committed 73152K, reserved 1114112K
  class space    used 7686K, committed 8064K, reserved 1048576K
}
Event: 56.552 GC heap after
{Heap after GC invocations=82 (full 0):
 garbage-first heap   total 1228800K, used 747960K [0x0000000601000000, 0x0000000800000000)
  region size 4096K, 7 young (28672K), 7 survivors (28672K)
 Metaspace       used 72406K, committed 73152K, reserved 1114112K
  class space    used 7686K, committed 8064K, reserved 1048576K
}
Event: 58.477 GC heap before
{Heap before GC invocations=82 (full 0):
 garbage-first heap   total 1228800K, used 1137080K [0x0000000601000000, 0x0000000800000000)
  region size 4096K, 102 young (417792K), 7 survivors (28672K)
 Metaspace       used 72444K, committed 73216K, reserved 1179648K
  class space    used 7687K, committed 8064K, reserved 1048576K
}
Event: 58.494 GC heap after
{Heap after GC invocations=83 (full 0):
 garbage-first heap   total 1228800K, used 764928K [0x0000000601000000, 0x0000000800000000)
  region size 4096K, 12 young (49152K), 12 survivors (49152K)
 Metaspace       used 72444K, committed 73216K, reserved 1179648K
  class space    used 7687K, committed 8064K, reserved 1048576K
}
Event: 60.296 GC heap before
{Heap before GC invocations=83 (full 0):
 garbage-first heap   total 1228800K, used 1117184K [0x0000000601000000, 0x0000000800000000)
  region size 4096K, 98 young (401408K), 12 survivors (49152K)
 Metaspace       used 72475K, committed 73216K, reserved 1179648K
  class space    used 7687K, committed 8064K, reserved 1048576K
}
Event: 60.318 GC heap after
{Heap after GC invocations=84 (full 0):
 garbage-first heap   total 1228800K, used 789704K [0x0000000601000000, 0x0000000800000000)
  region size 4096K, 12 young (49152K), 12 survivors (49152K)
 Metaspace       used 72475K, committed 73216K, reserved 1179648K
  class space    used 7687K, committed 8064K, reserved 1048576K
}
Event: 61.856 GC heap before
{Heap before GC invocations=85 (full 0):
 garbage-first heap   total 1318912K, used 1109192K [0x0000000601000000, 0x0000000800000000)
  region size 4096K, 90 young (368640K), 12 survivors (49152K)
 Metaspace       used 72507K, committed 73280K, reserved 1179648K
  class space    used 7688K, committed 8064K, reserved 1048576K
}

